# configure exec: ./configure --prefix=/home/chhay/Project/Learn-nodejs/node_modules/node-rdkafka/build/deps --libdir=/home/chhay/Project/Learn-nodejs/node_modules/node-rdkafka/build/deps --prefix=/home/chhay/Project/Learn-nodejs/node_modules/node-rdkafka/build/deps --libdir=/home/chhay/Project/Learn-nodejs/node_modules/node-rdkafka/build/deps
# On Sun 10 Sep 16:46:19 +07 2023
DBG 24692: Setting distro (distro) status to ok (action ignore)
DBG 24692: ccenv: WITH_CC:  --version failed: mklove/modules/configure.base: line 1824: --version: command not found
DBG 24692: Setting ccenv (ccenv) status to failed (action cont)
DBG 24692: Check ccenv (WITH_CC, action cont (originally cont)) failed: command ' --version' failed:
mklove/modules/configure.base: line 1824: --version: command not found
DBG 24692: Setting gcc (gcc) status to ok (action cont)
DBG 24692: cxxenv: WITH_CXX:  --version failed: mklove/modules/configure.base: line 1824: --version: command not found
DBG 24692: Setting cxxenv (cxxenv) status to failed (action cont)
DBG 24692: Check cxxenv (WITH_CXX, action cont (originally cont)) failed: command ' --version' failed:
mklove/modules/configure.base: line 1824: --version: command not found
DBG 24692: Setting gxx (gxx) status to ok (action cont)
DBG 24692: Setting ld (ld) status to ok (action disable)
DBG 24692: Setting nm (nm) status to ok (action disable)
DBG 24692: Setting objdump (objdump) status to ok (action disable)
DBG 24692: Setting strip (strip) status to ok (action disable)
DBG 24692: libtool: : libtool is not executable: 
DBG 24692: Setting libtool (libtool) status to failed (action disable)
DBG 24692: Check libtool (, action disable (originally disable)) failed: libtool is not executable
DBG 24692: Setting ranlib (ranlib) status to ok (action disable)
DBG 24692: Setting pkgconfig (pkgconfig) status to ok (action cont)
DBG 24692: Setting install (install) status to ok (action cont)
DBG 24692: Setting gnuar (gnuar) status to ok (action disable)
DBG 24692: Compile check PIC (HAVE_PIC) (sub=0): gcc  -g -O2 -Wall -Werror _mkltmpxBaB20.c -o _mkltmpxBaB20.c.o  -L/home/chhay/Project/Learn-nodejs/node_modules/node-rdkafka/build/deps -fPIC 
DBG 24692: Setting PIC (PIC) status to ok (action disable)
DBG 24692: Compile check gnulib (WITH_GNULD) (sub=0): gcc  -g -O2 -fPIC -Wall -Werror _mkltmpjEg6hN.c -o _mkltmpjEg6hN.c.o  -L/home/chhay/Project/Learn-nodejs/node_modules/node-rdkafka/build/deps -shared -Wl,-soname,mkltest.0 
DBG 24692: Setting gnulib (gnulib) status to ok (action cont)
DBG 24692: Compile check ldsflagvs () (sub=0): gcc  -g -O2 -fPIC -Wall -Werror _mkltmps7J05R.c -o _mkltmps7J05R.c.o  -L/home/chhay/Project/Learn-nodejs/node_modules/node-rdkafka/build/deps -shared -Wl,--version-script=_mkltmps9D0w6 
DBG 24692: Setting ldsflagvs (ldsflagvs) status to ok (action cont)
DBG 24692: Compile check __atomic_32 (HAVE_ATOMICS_32) (sub=0): gcc  -g -O2 -fPIC -Wall -Werror _mkltmpBXlav7.c -o _mkltmpBXlav7.c.o  -L/home/chhay/Project/Learn-nodejs/node_modules/node-rdkafka/build/deps  
DBG 24692: Setting __atomic_32 (__atomic_32) status to ok (action cont)
DBG 24692: Compile check __atomic_64 (HAVE_ATOMICS_64) (sub=0): gcc  -g -O2 -fPIC -Wall -Werror _mkltmpcxhC73.c -o _mkltmpcxhC73.c.o  -L/home/chhay/Project/Learn-nodejs/node_modules/node-rdkafka/build/deps  
DBG 24692: Setting __atomic_64 (__atomic_64) status to ok (action cont)
DBG 24692: Compile check socket () (sub=0): gcc  -g -O2 -fPIC -Wall -Wsign-compare -Wfloat-equal -Wpointer-arith -Wcast-align -Wall -Werror _mkltmpQCTvb7.c -o _mkltmpQCTvb7.c.o  -L/home/chhay/Project/Learn-nodejs/node_modules/node-rdkafka/build/deps  
DBG 24692: Setting socket (socket) status to ok (action cont)
DBG 24692: Setting parseversion (parseversion) status to ok (action cont)
DBG 24692: pkg-config check librt for CFLAGS (): pkg-config --short-errors --cflags librt
DBG 24692: 'pkg-config --short-errors --cflags librt' failed: No package 'librt' found
DBG 24692: Setting librt_PKGCONFIG (librt_PKGCONFIG) status to failed (action cont)
DBG 24692: Check librt_PKGCONFIG (, action cont (originally cont)) failed: 'pkg-config --short-errors --cflags librt' failed:
No package 'librt' found
DBG 24692: librt: Check for static library (libs -lrt, arfile variable STATIC_LIB_librt=, static filenames )
DBG 24692: Compile check librt () (sub=0): gcc  -g -O2 -fPIC -Wall -Wsign-compare -Wfloat-equal -Wpointer-arith -Wcast-align -Wall -Werror _mkltmpMFxvEs.c -o _mkltmpMFxvEs.c.o  -L/home/chhay/Project/Learn-nodejs/node_modules/node-rdkafka/build/deps -lrt 
DBG 24692: Setting librt (librt) status to ok (action cont)
DBG 24692: librt: from lib_check: LIBS: prepend -lrt
DBG 24692: pkg-config check libpthread for CFLAGS (): pkg-config --short-errors --cflags libpthread
DBG 24692: 'pkg-config --short-errors --cflags libpthread' failed: No package 'libpthread' found
DBG 24692: Setting libpthread_PKGCONFIG (libpthread_PKGCONFIG) status to failed (action cont)
DBG 24692: Check libpthread_PKGCONFIG (, action cont (originally cont)) failed: 'pkg-config --short-errors --cflags libpthread' failed:
No package 'libpthread' found
DBG 24692: libpthread: Check for static library (libs -lpthread, arfile variable STATIC_LIB_libpthread=, static filenames )
DBG 24692: Compile check libpthread () (sub=0): gcc  -g -O2 -fPIC -Wall -Wsign-compare -Wfloat-equal -Wpointer-arith -Wcast-align -Wall -Werror _mkltmpet3rfA.c -o _mkltmpet3rfA.c.o  -L/home/chhay/Project/Learn-nodejs/node_modules/node-rdkafka/build/deps -lpthread -lrt
DBG 24692: Setting libpthread (libpthread) status to ok (action fail)
DBG 24692: libpthread: from lib_check: LIBS: prepend -lpthread
DBG 24692: pkg-config check c11threads for CFLAGS (WITH_C11THREADS): pkg-config --short-errors --cflags c11threads
DBG 24692: 'pkg-config --short-errors --cflags c11threads' failed: No package 'c11threads' found
DBG 24692: Setting c11threads_PKGCONFIG (c11threads_PKGCONFIG) status to failed (action cont)
DBG 24692: Check c11threads_PKGCONFIG (, action cont (originally cont)) failed: 'pkg-config --short-errors --cflags c11threads' failed:
No package 'c11threads' found
DBG 24692: c11threads: Check for static library (libs -lpthread -lrt, arfile variable STATIC_LIB_c11threads=, static filenames )
DBG 24692: Compile check c11threads (WITH_C11THREADS) (sub=0): gcc  -g -O2 -fPIC -Wall -Wsign-compare -Wfloat-equal -Wpointer-arith -Wcast-align -Wall -Werror _mkltmpMFmLhc.c -o _mkltmpMFmLhc.c.o  -L/home/chhay/Project/Learn-nodejs/node_modules/node-rdkafka/build/deps -lpthread -lrt -lpthread -lrt
DBG 24692: Setting c11threads (c11threads) status to ok (action disable)
DBG 24692: c11threads: from lib_check: LIBS: prepend -lpthread -lrt
DBG 24692: pkg-config check libdl for CFLAGS (WITH_LIBDL): pkg-config --short-errors --cflags libdl
DBG 24692: 'pkg-config --short-errors --cflags libdl' failed: No package 'libdl' found
DBG 24692: Setting libdl_PKGCONFIG (libdl_PKGCONFIG) status to failed (action cont)
DBG 24692: Check libdl_PKGCONFIG (, action cont (originally cont)) failed: 'pkg-config --short-errors --cflags libdl' failed:
No package 'libdl' found
DBG 24692: libdl: Check for static library (libs -ldl, arfile variable STATIC_LIB_libdl=, static filenames )
DBG 24692: Compile check libdl (WITH_LIBDL) (sub=0): gcc  -g -O2 -fPIC -Wall -Wsign-compare -Wfloat-equal -Wpointer-arith -Wcast-align -Wall -Werror _mkltmpVTmhuG.c -o _mkltmpVTmhuG.c.o  -L/home/chhay/Project/Learn-nodejs/node_modules/node-rdkafka/build/deps -ldl -lpthread -lrt -lpthread -lrt
DBG 24692: Setting libdl (libdl) status to ok (action disable)
DBG 24692: libdl: from lib_check: LIBS: prepend -ldl
DBG 24692: pkg-config check zlib for CFLAGS (WITH_ZLIB): pkg-config --short-errors --cflags zlib
DBG 24692: pkg-config check zlib for LIBS (WITH_ZLIB): pkg-config --short-errors --libs zlib
DBG 24692: zlib: from pkg-config: CFLAGS '', LIBS '-ldl -lpthread -lrt -lpthread -lrt'
DBG 24692: zlib: performing compile check using pkg-config info
DBG 24692: Compile check zlib (WITH_ZLIB) (sub=1): gcc  -g -O2 -fPIC -Wall -Wsign-compare -Wfloat-equal -Wpointer-arith -Wcast-align -Wall -Werror _mkltmpB30Q8P.c -o _mkltmpB30Q8P.c.o  -L/home/chhay/Project/Learn-nodejs/node_modules/node-rdkafka/build/deps  -lz -ldl -lpthread -lrt -lpthread -lrt
DBG 24692: zlib: Check for static library (libs -lz, arfile variable STATIC_LIB_zlib=, static filenames libz.a)
DBG 24692: zlib: from pkg-config: LIBS: prepend -lz
DBG 24692: Setting zlib (zlib) status to ok (action cont)
DBG 24692: pkg-config check libcrypto for CFLAGS (): pkg-config --short-errors --cflags libcrypto
DBG 24692: 'pkg-config --short-errors --cflags libcrypto' failed: No package 'libcrypto' found
DBG 24692: Setting libcrypto_PKGCONFIG (libcrypto_PKGCONFIG) status to failed (action cont)
DBG 24692: Check libcrypto_PKGCONFIG (, action cont (originally cont)) failed: 'pkg-config --short-errors --cflags libcrypto' failed:
No package 'libcrypto' found
DBG 24692: libcrypto: Check for static library (libs -lcrypto, arfile variable STATIC_LIB_libcrypto=, static filenames libcrypto.a)
DBG 24692: Compile check libcrypto () (sub=0): gcc  -g -O2 -fPIC -Wall -Wsign-compare -Wfloat-equal -Wpointer-arith -Wcast-align -Wall -Werror _mkltmpNIdOKn.c -o _mkltmpNIdOKn.c.o  -L/home/chhay/Project/Learn-nodejs/node_modules/node-rdkafka/build/deps -lcrypto -lz -ldl -lpthread -lrt -lpthread -lrt
DBG 24692: compile check for libcrypto () failed: gcc  -g -O2 -fPIC -Wall -Wsign-compare -Wfloat-equal -Wpointer-arith -Wcast-align -Wall -Werror _mkltmpNIdOKn.c -o _mkltmpNIdOKn.c.o  -L/home/chhay/Project/Learn-nodejs/node_modules/node-rdkafka/build/deps -lcrypto -lz -ldl -lpthread -lrt -lpthread -lrt: _mkltmpNIdOKn.c:2:10: fatal error: openssl/ssl.h: No such file or directory
    2 | #include <openssl/ssl.h>
      |          ^~~~~~~~~~~~~~~
compilation terminated.
DBG 24692: Setting libcrypto (libcrypto) status to failed (action disable)
DBG 24692: Check libcrypto (, action disable (originally disable)) failed: compile check failed:
CC: CC
flags: -lcrypto
gcc  -g -O2 -fPIC -Wall -Wsign-compare -Wfloat-equal -Wpointer-arith -Wcast-align -Wall -Werror _mkltmpNIdOKn.c -o _mkltmpNIdOKn.c.o  -L/home/chhay/Project/Learn-nodejs/node_modules/node-rdkafka/build/deps -lcrypto -lz -ldl -lpthread -lrt -lpthread -lrt:
_mkltmpNIdOKn.c:2:10: fatal error: openssl/ssl.h: No such file or directory
    2 | #include <openssl/ssl.h>
      |          ^~~~~~~~~~~~~~~
compilation terminated.
source: 
#include <openssl/ssl.h>
#include <openssl/evp.h>
#if OPENSSL_VERSION_NUMBER < 0x1000100fL
#error "Requires OpenSSL version >= v1.0.1"
#endif
DBG 24692: pkg-config check libsasl2 for CFLAGS (WITH_SASL_CYRUS): pkg-config --short-errors --cflags libsasl2
DBG 24692: 'pkg-config --short-errors --cflags libsasl2' failed: No package 'libsasl2' found
DBG 24692: Setting libsasl2_PKGCONFIG (libsasl2_PKGCONFIG) status to failed (action cont)
DBG 24692: Check libsasl2_PKGCONFIG (, action cont (originally cont)) failed: 'pkg-config --short-errors --cflags libsasl2' failed:
No package 'libsasl2' found
DBG 24692: libsasl2: Check for static library (libs -lsasl2, arfile variable STATIC_LIB_libsasl2=, static filenames )
DBG 24692: Compile check libsasl2 (WITH_SASL_CYRUS) (sub=0): gcc  -g -O2 -fPIC -Wall -Wsign-compare -Wfloat-equal -Wpointer-arith -Wcast-align -Wall -Werror _mkltmpEuv1Wb.c -o _mkltmpEuv1Wb.c.o  -L/home/chhay/Project/Learn-nodejs/node_modules/node-rdkafka/build/deps -lsasl2 -lz -ldl -lpthread -lrt -lpthread -lrt
DBG 24692: compile check for libsasl2 (WITH_SASL_CYRUS) failed: gcc  -g -O2 -fPIC -Wall -Wsign-compare -Wfloat-equal -Wpointer-arith -Wcast-align -Wall -Werror _mkltmpEuv1Wb.c -o _mkltmpEuv1Wb.c.o  -L/home/chhay/Project/Learn-nodejs/node_modules/node-rdkafka/build/deps -lsasl2 -lz -ldl -lpthread -lrt -lpthread -lrt: _mkltmpEuv1Wb.c:3:10: fatal error: sasl/sasl.h: No such file or directory
    3 | #include <sasl/sasl.h>
      |          ^~~~~~~~~~~~~
compilation terminated.
DBG 24692: Setting libsasl2 (libsasl2) status to failed (action disable)
DBG 24692: Check libsasl2 (WITH_SASL_CYRUS, action disable (originally disable)) failed: compile check failed:
CC: CC
flags: -lsasl2
gcc  -g -O2 -fPIC -Wall -Wsign-compare -Wfloat-equal -Wpointer-arith -Wcast-align -Wall -Werror _mkltmpEuv1Wb.c -o _mkltmpEuv1Wb.c.o  -L/home/chhay/Project/Learn-nodejs/node_modules/node-rdkafka/build/deps -lsasl2 -lz -ldl -lpthread -lrt -lpthread -lrt:
_mkltmpEuv1Wb.c:3:10: fatal error: sasl/sasl.h: No such file or directory
    3 | #include <sasl/sasl.h>
      |          ^~~~~~~~~~~~~
compilation terminated.
source: 
#include <stddef.h>
#include <sasl/sasl.h>

DBG 24692: pkg-config check libsasl for CFLAGS (WITH_SASL_CYRUS): pkg-config --short-errors --cflags libsasl
DBG 24692: 'pkg-config --short-errors --cflags libsasl' failed: No package 'libsasl' found
DBG 24692: Setting libsasl_PKGCONFIG (libsasl_PKGCONFIG) status to failed (action cont)
DBG 24692: Check libsasl_PKGCONFIG (, action cont (originally cont)) failed: 'pkg-config --short-errors --cflags libsasl' failed:
No package 'libsasl' found
DBG 24692: libsasl: Check for static library (libs -lsasl, arfile variable STATIC_LIB_libsasl=, static filenames )
DBG 24692: Compile check libsasl (WITH_SASL_CYRUS) (sub=0): gcc  -g -O2 -fPIC -Wall -Wsign-compare -Wfloat-equal -Wpointer-arith -Wcast-align -Wall -Werror _mkltmpivzmpK.c -o _mkltmpivzmpK.c.o  -L/home/chhay/Project/Learn-nodejs/node_modules/node-rdkafka/build/deps -lsasl -lz -ldl -lpthread -lrt -lpthread -lrt
DBG 24692: compile check for libsasl (WITH_SASL_CYRUS) failed: gcc  -g -O2 -fPIC -Wall -Wsign-compare -Wfloat-equal -Wpointer-arith -Wcast-align -Wall -Werror _mkltmpivzmpK.c -o _mkltmpivzmpK.c.o  -L/home/chhay/Project/Learn-nodejs/node_modules/node-rdkafka/build/deps -lsasl -lz -ldl -lpthread -lrt -lpthread -lrt: _mkltmpivzmpK.c:3:10: fatal error: sasl/sasl.h: No such file or directory
    3 | #include <sasl/sasl.h>
      |          ^~~~~~~~~~~~~
compilation terminated.
DBG 24692: Setting libsasl (libsasl) status to failed (action disable)
DBG 24692: Check libsasl (WITH_SASL_CYRUS, action disable (originally disable)) failed: compile check failed:
CC: CC
flags: -lsasl
gcc  -g -O2 -fPIC -Wall -Wsign-compare -Wfloat-equal -Wpointer-arith -Wcast-align -Wall -Werror _mkltmpivzmpK.c -o _mkltmpivzmpK.c.o  -L/home/chhay/Project/Learn-nodejs/node_modules/node-rdkafka/build/deps -lsasl -lz -ldl -lpthread -lrt -lpthread -lrt:
_mkltmpivzmpK.c:3:10: fatal error: sasl/sasl.h: No such file or directory
    3 | #include <sasl/sasl.h>
      |          ^~~~~~~~~~~~~
compilation terminated.
source: 
#include <stddef.h>
#include <sasl/sasl.h>

DBG 24692: pkg-config check libzstd for CFLAGS (WITH_ZSTD): pkg-config --short-errors --cflags libzstd
DBG 24692: 'pkg-config --short-errors --cflags libzstd' failed: No package 'libzstd' found
DBG 24692: Setting libzstd_PKGCONFIG (libzstd_PKGCONFIG) status to failed (action cont)
DBG 24692: Check libzstd_PKGCONFIG (, action cont (originally cont)) failed: 'pkg-config --short-errors --cflags libzstd' failed:
No package 'libzstd' found
DBG 24692: libzstd: Check for static library (libs -lzstd, arfile variable STATIC_LIB_libzstd=, static filenames libzstd.a)
DBG 24692: Compile check libzstd (WITH_ZSTD) (sub=0): gcc  -g -O2 -fPIC -Wall -Wsign-compare -Wfloat-equal -Wpointer-arith -Wcast-align -Wall -Werror _mkltmphaTDUW.c -o _mkltmphaTDUW.c.o  -L/home/chhay/Project/Learn-nodejs/node_modules/node-rdkafka/build/deps -lzstd -lz -ldl -lpthread -lrt -lpthread -lrt
DBG 24692: compile check for libzstd (WITH_ZSTD) failed: gcc  -g -O2 -fPIC -Wall -Wsign-compare -Wfloat-equal -Wpointer-arith -Wcast-align -Wall -Werror _mkltmphaTDUW.c -o _mkltmphaTDUW.c.o  -L/home/chhay/Project/Learn-nodejs/node_modules/node-rdkafka/build/deps -lzstd -lz -ldl -lpthread -lrt -lpthread -lrt: _mkltmphaTDUW.c:2:10: fatal error: zstd.h: No such file or directory
    2 | #include <zstd.h>
      |          ^~~~~~~~
compilation terminated.
DBG 24692: Setting libzstd (libzstd) status to failed (action disable)
DBG 24692: Check libzstd (WITH_ZSTD, action disable (originally disable)) failed: compile check failed:
CC: CC
flags: -lzstd
gcc  -g -O2 -fPIC -Wall -Wsign-compare -Wfloat-equal -Wpointer-arith -Wcast-align -Wall -Werror _mkltmphaTDUW.c -o _mkltmphaTDUW.c.o  -L/home/chhay/Project/Learn-nodejs/node_modules/node-rdkafka/build/deps -lzstd -lz -ldl -lpthread -lrt -lpthread -lrt:
_mkltmphaTDUW.c:2:10: fatal error: zstd.h: No such file or directory
    2 | #include <zstd.h>
      |          ^~~~~~~~
compilation terminated.
source: 
#include <zstd.h>
#include <zstd_errors.h>

void foo (void) {
     ZSTD_getFrameContentSize(NULL, 0);
}

DBG 24692: pkg-config check libcurl for CFLAGS (WITH_CURL): pkg-config --short-errors --cflags libcurl
DBG 24692: 'pkg-config --short-errors --cflags libcurl' failed: No package 'libcurl' found
DBG 24692: Setting libcurl_PKGCONFIG (libcurl_PKGCONFIG) status to failed (action cont)
DBG 24692: Check libcurl_PKGCONFIG (, action cont (originally cont)) failed: 'pkg-config --short-errors --cflags libcurl' failed:
No package 'libcurl' found
DBG 24692: libcurl: Check for static library (libs -lcurl, arfile variable STATIC_LIB_libcurl=, static filenames libcurl.a)
DBG 24692: Compile check libcurl (WITH_CURL) (sub=0): gcc  -g -O2 -fPIC -Wall -Wsign-compare -Wfloat-equal -Wpointer-arith -Wcast-align -Wall -Werror _mkltmphA1MgP.c -o _mkltmphA1MgP.c.o  -L/home/chhay/Project/Learn-nodejs/node_modules/node-rdkafka/build/deps -lcurl -lz -ldl -lpthread -lrt -lpthread -lrt
DBG 24692: compile check for libcurl (WITH_CURL) failed: gcc  -g -O2 -fPIC -Wall -Wsign-compare -Wfloat-equal -Wpointer-arith -Wcast-align -Wall -Werror _mkltmphA1MgP.c -o _mkltmphA1MgP.c.o  -L/home/chhay/Project/Learn-nodejs/node_modules/node-rdkafka/build/deps -lcurl -lz -ldl -lpthread -lrt -lpthread -lrt: _mkltmphA1MgP.c:2:10: fatal error: curl/curl.h: No such file or directory
    2 | #include <curl/curl.h>
      |          ^~~~~~~~~~~~~
compilation terminated.
DBG 24692: Setting libcurl (libcurl) status to failed (action disable)
DBG 24692: Check libcurl (WITH_CURL, action disable (originally disable)) failed: compile check failed:
CC: CC
flags: -lcurl
gcc  -g -O2 -fPIC -Wall -Wsign-compare -Wfloat-equal -Wpointer-arith -Wcast-align -Wall -Werror _mkltmphA1MgP.c -o _mkltmphA1MgP.c.o  -L/home/chhay/Project/Learn-nodejs/node_modules/node-rdkafka/build/deps -lcurl -lz -ldl -lpthread -lrt -lpthread -lrt:
_mkltmphA1MgP.c:2:10: fatal error: curl/curl.h: No such file or directory
    2 | #include <curl/curl.h>
      |          ^~~~~~~~~~~~~
compilation terminated.
source: 
#include <curl/curl.h>

void foo (void) {
     curl_global_init(CURL_GLOBAL_DEFAULT);
}

DBG 24692: pkg-config check libm for CFLAGS (): pkg-config --short-errors --cflags libm
DBG 24692: 'pkg-config --short-errors --cflags libm' failed: No package 'libm' found
DBG 24692: Setting libm_PKGCONFIG (libm_PKGCONFIG) status to failed (action cont)
DBG 24692: Check libm_PKGCONFIG (, action cont (originally cont)) failed: 'pkg-config --short-errors --cflags libm' failed:
No package 'libm' found
DBG 24692: libm: Check for static library (libs -lm, arfile variable STATIC_LIB_libm=, static filenames )
DBG 24692: Compile check libm () (sub=0): gcc  -g -O2 -fPIC -Wall -Wsign-compare -Wfloat-equal -Wpointer-arith -Wcast-align -Wall -Werror _mkltmpPKNFYO.c -o _mkltmpPKNFYO.c.o  -L/home/chhay/Project/Learn-nodejs/node_modules/node-rdkafka/build/deps -lm -lz -ldl -lpthread -lrt -lpthread -lrt
DBG 24692: Setting libm (libm) status to ok (action disable)
DBG 24692: libm: from lib_check: LIBS: prepend -lm
DBG 24692: pkg-config check liblz4 for CFLAGS (WITH_LZ4_EXT): pkg-config --short-errors --cflags liblz4
DBG 24692: 'pkg-config --short-errors --cflags liblz4' failed: No package 'liblz4' found
DBG 24692: Setting liblz4_PKGCONFIG (liblz4_PKGCONFIG) status to failed (action cont)
DBG 24692: Check liblz4_PKGCONFIG (, action cont (originally cont)) failed: 'pkg-config --short-errors --cflags liblz4' failed:
No package 'liblz4' found
DBG 24692: liblz4: Check for static library (libs -llz4, arfile variable STATIC_LIB_liblz4=, static filenames liblz4.a)
DBG 24692: Compile check liblz4 (WITH_LZ4_EXT) (sub=0): gcc  -g -O2 -fPIC -Wall -Wsign-compare -Wfloat-equal -Wpointer-arith -Wcast-align -Wall -Werror _mkltmpIDXXDj.c -o _mkltmpIDXXDj.c.o  -L/home/chhay/Project/Learn-nodejs/node_modules/node-rdkafka/build/deps -llz4 -lm -lz -ldl -lpthread -lrt -lpthread -lrt
DBG 24692: compile check for liblz4 (WITH_LZ4_EXT) failed: gcc  -g -O2 -fPIC -Wall -Wsign-compare -Wfloat-equal -Wpointer-arith -Wcast-align -Wall -Werror _mkltmpIDXXDj.c -o _mkltmpIDXXDj.c.o  -L/home/chhay/Project/Learn-nodejs/node_modules/node-rdkafka/build/deps -llz4 -lm -lz -ldl -lpthread -lrt -lpthread -lrt: _mkltmpIDXXDj.c:1:10: fatal error: lz4frame.h: No such file or directory
    1 | #include <lz4frame.h>
      |          ^~~~~~~~~~~~
compilation terminated.
DBG 24692: Setting liblz4 (liblz4) status to failed (action disable)
DBG 24692: Check liblz4 (WITH_LZ4_EXT, action disable (originally disable)) failed: compile check failed:
CC: CC
flags: -llz4
gcc  -g -O2 -fPIC -Wall -Wsign-compare -Wfloat-equal -Wpointer-arith -Wcast-align -Wall -Werror _mkltmpIDXXDj.c -o _mkltmpIDXXDj.c.o  -L/home/chhay/Project/Learn-nodejs/node_modules/node-rdkafka/build/deps -llz4 -lm -lz -ldl -lpthread -lrt -lpthread -lrt:
_mkltmpIDXXDj.c:1:10: fatal error: lz4frame.h: No such file or directory
    1 | #include <lz4frame.h>
      |          ^~~~~~~~~~~~
compilation terminated.
source: #include <lz4frame.h>
DBG 24692: Compile check syslog (WITH_SYSLOG) (sub=0): gcc  -g -O2 -fPIC -Wall -Wsign-compare -Wfloat-equal -Wpointer-arith -Wcast-align -Wall -Werror _mkltmp75fvcC.c -o _mkltmp75fvcC.c.o  -L/home/chhay/Project/Learn-nodejs/node_modules/node-rdkafka/build/deps  -lm -lz -ldl -lpthread -lrt -lpthread -lrt
DBG 24692: Setting syslog (syslog) status to ok (action disable)
DBG 24692: Compile check rapidjson (WITH_RAPIDJSON) (sub=0): g++  -g -O2 -fPIC -Wall -Wsign-compare -Wfloat-equal -Wpointer-arith -Wcast-align -Wall -Werror _mkltmptIU5c6.cpp -o _mkltmptIU5c6.cpp.o  -L/home/chhay/Project/Learn-nodejs/node_modules/node-rdkafka/build/deps  -lm -lz -ldl -lpthread -lrt -lpthread -lrt
DBG 24692: compile check for rapidjson (WITH_RAPIDJSON) failed: g++  -g -O2 -fPIC -Wall -Wsign-compare -Wfloat-equal -Wpointer-arith -Wcast-align -Wall -Werror _mkltmptIU5c6.cpp -o _mkltmptIU5c6.cpp.o  -L/home/chhay/Project/Learn-nodejs/node_modules/node-rdkafka/build/deps  -lm -lz -ldl -lpthread -lrt -lpthread -lrt: _mkltmptIU5c6.cpp:1:10: fatal error: rapidjson/schema.h: No such file or directory
    1 | #include <rapidjson/schema.h>
      |          ^~~~~~~~~~~~~~~~~~~~
compilation terminated.
DBG 24692: Setting rapidjson (rapidjson) status to failed (action disable)
DBG 24692: Check rapidjson (WITH_RAPIDJSON, action disable (originally disable)) failed: compile check failed:
CC: CXX
flags: 
g++  -g -O2 -fPIC -Wall -Wsign-compare -Wfloat-equal -Wpointer-arith -Wcast-align -Wall -Werror _mkltmptIU5c6.cpp -o _mkltmptIU5c6.cpp.o  -L/home/chhay/Project/Learn-nodejs/node_modules/node-rdkafka/build/deps  -lm -lz -ldl -lpthread -lrt -lpthread -lrt:
_mkltmptIU5c6.cpp:1:10: fatal error: rapidjson/schema.h: No such file or directory
    1 | #include <rapidjson/schema.h>
      |          ^~~~~~~~~~~~~~~~~~~~
compilation terminated.
source: #include <rapidjson/schema.h>
DBG 24692: Compile check crc32chw (WITH_CRC32C_HW) (sub=0): gcc  -g -O2 -fPIC -Wall -Wsign-compare -Wfloat-equal -Wpointer-arith -Wcast-align -Wall -Werror _mkltmpTqa3UU.c -o _mkltmpTqa3UU.c.o  -L/home/chhay/Project/Learn-nodejs/node_modules/node-rdkafka/build/deps  -lm -lz -ldl -lpthread -lrt -lpthread -lrt
DBG 24692: Setting crc32chw (crc32chw) status to ok (action disable)
DBG 24692: Compile check regex (HAVE_REGEX) (sub=0): gcc  -g -O2 -fPIC -Wall -Wsign-compare -Wfloat-equal -Wpointer-arith -Wcast-align -Wall -Werror _mkltmp8SCVj7.c -o _mkltmp8SCVj7.c.o  -L/home/chhay/Project/Learn-nodejs/node_modules/node-rdkafka/build/deps  -lm -lz -ldl -lpthread -lrt -lpthread -lrt
DBG 24692: Setting regex (regex) status to ok (action disable)
DBG 24692: Compile check rand_r (HAVE_RAND_R) (sub=0): gcc  -g -O2 -fPIC -Wall -Wsign-compare -Wfloat-equal -Wpointer-arith -Wcast-align -Wall -Werror _mkltmpKEKXVD.c -o _mkltmpKEKXVD.c.o  -L/home/chhay/Project/Learn-nodejs/node_modules/node-rdkafka/build/deps  -lm -lz -ldl -lpthread -lrt -lpthread -lrt
DBG 24692: Setting rand_r (rand_r) status to ok (action disable)
DBG 24692: Compile check strndup (HAVE_STRNDUP) (sub=0): gcc  -g -O2 -fPIC -Wall -Wsign-compare -Wfloat-equal -Wpointer-arith -Wcast-align -Wall -Werror _mkltmp8SflwF.c -o _mkltmp8SflwF.c.o  -L/home/chhay/Project/Learn-nodejs/node_modules/node-rdkafka/build/deps  -lm -lz -ldl -lpthread -lrt -lpthread -lrt
DBG 24692: Setting strndup (strndup) status to ok (action disable)
DBG 24692: Compile check strlcpy (HAVE_STRLCPY) (sub=0): gcc  -g -O2 -fPIC -Wall -Wsign-compare -Wfloat-equal -Wpointer-arith -Wcast-align -Wall -Werror _mkltmpMRiHY4.c -o _mkltmpMRiHY4.c.o  -L/home/chhay/Project/Learn-nodejs/node_modules/node-rdkafka/build/deps  -lm -lz -ldl -lpthread -lrt -lpthread -lrt
DBG 24692: compile check for strlcpy (HAVE_STRLCPY) failed: gcc  -g -O2 -fPIC -Wall -Wsign-compare -Wfloat-equal -Wpointer-arith -Wcast-align -Wall -Werror _mkltmpMRiHY4.c -o _mkltmpMRiHY4.c.o  -L/home/chhay/Project/Learn-nodejs/node_modules/node-rdkafka/build/deps  -lm -lz -ldl -lpthread -lrt -lpthread -lrt: _mkltmpMRiHY4.c: In function ‘foo’:
_mkltmpMRiHY4.c:6:11: error: implicit declaration of function ‘strlcpy’; did you mean ‘strncpy’? [-Werror=implicit-function-declaration]
    6 |    return strlcpy(dest, "something", sizeof(dest));
      |           ^~~~~~~
      |           strncpy
cc1: all warnings being treated as errors
DBG 24692: Setting strlcpy (strlcpy) status to failed (action disable)
DBG 24692: Check strlcpy (HAVE_STRLCPY, action disable (originally disable)) failed: compile check failed:
CC: CC
flags: 
gcc  -g -O2 -fPIC -Wall -Wsign-compare -Wfloat-equal -Wpointer-arith -Wcast-align -Wall -Werror _mkltmpMRiHY4.c -o _mkltmpMRiHY4.c.o  -L/home/chhay/Project/Learn-nodejs/node_modules/node-rdkafka/build/deps  -lm -lz -ldl -lpthread -lrt -lpthread -lrt:
_mkltmpMRiHY4.c: In function ‘foo’:
_mkltmpMRiHY4.c:6:11: error: implicit declaration of function ‘strlcpy’; did you mean ‘strncpy’? [-Werror=implicit-function-declaration]
    6 |    return strlcpy(dest, "something", sizeof(dest));
      |           ^~~~~~~
      |           strncpy
cc1: all warnings being treated as errors
source: 
#define _DARWIN_C_SOURCE
#include <string.h>
int foo (void) {
    char dest[4];
   return strlcpy(dest, "something", sizeof(dest));
}
DBG 24692: Compile check strerror_r (HAVE_STRERROR_R) (sub=0): gcc  -g -O2 -fPIC -Wall -Wsign-compare -Wfloat-equal -Wpointer-arith -Wcast-align -Wall -Werror _mkltmpmu8c4s.c -o _mkltmpmu8c4s.c.o  -L/home/chhay/Project/Learn-nodejs/node_modules/node-rdkafka/build/deps  -lm -lz -ldl -lpthread -lrt -lpthread -lrt
DBG 24692: Setting strerror_r (strerror_r) status to ok (action disable)
DBG 24692: Compile check strcasestr (HAVE_STRCASESTR) (sub=0): gcc  -g -O2 -fPIC -Wall -Wsign-compare -Wfloat-equal -Wpointer-arith -Wcast-align -Wall -Werror _mkltmpjZnzfz.c -o _mkltmpjZnzfz.c.o  -L/home/chhay/Project/Learn-nodejs/node_modules/node-rdkafka/build/deps  -lm -lz -ldl -lpthread -lrt -lpthread -lrt
DBG 24692: Setting strcasestr (strcasestr) status to ok (action disable)
DBG 24692: Compile check pthread_setname_gnu (HAVE_PTHREAD_SETNAME_GNU) (sub=0): gcc  -g -O2 -fPIC -Wall -Wsign-compare -Wfloat-equal -Wpointer-arith -Wcast-align -Wall -Werror _mkltmpXYxdyE.c -o _mkltmpXYxdyE.c.o  -L/home/chhay/Project/Learn-nodejs/node_modules/node-rdkafka/build/deps -D_GNU_SOURCE -lpthread -lm -lz -ldl -lpthread -lrt -lpthread -lrt
DBG 24692: Setting pthread_setname_gnu (pthread_setname_gnu) status to ok (action disable)
DBG 24692: Setting nm (nm) status to ok (action cont)
DBG 24692: Setting python3 (python3) status to ok (action disable)
DBG 24692: Compile check getrusage (HAVE_GETRUSAGE) (sub=0): gcc  -g -O2 -fPIC -Wall -Wsign-compare -Wfloat-equal -Wpointer-arith -Wcast-align -Wall -Werror _mkltmpyOBLag.c -o _mkltmpyOBLag.c.o  -L/home/chhay/Project/Learn-nodejs/node_modules/node-rdkafka/build/deps  -lm -lz -ldl -lpthread -lrt -lpthread -lrt
DBG 24692: Setting getrusage (getrusage) status to ok (action disable)
